2021-04-11 01:49:39,569 [Worker-5: Loading available Gradle versions] INFO  o.e.b.c.i.u.g.PublishedGradleVersions - Gradle version information cache is up-to-date. Trying to read.
2021-04-11 12:50:28,687 [Worker-2: Loading available Gradle versions] INFO  o.e.b.c.i.u.g.PublishedGradleVersions - Gradle version information cache is up-to-date. Trying to read.
2021-04-11 12:52:02,815 [Worker-2: Creating project "coupon-store"] INFO  o.e.m.c.i.l.LifecycleMappingFactory - Using org.eclipse.m2e.jdt.JarLifecycleMapping lifecycle mapping for MavenProject: com.computerwala:coupon-store:0.0.1-SNAPSHOT @ C:\Users\Aman\eclipse-workspace\coupon-store\pom.xml.
2021-04-11 12:52:03,779 [Worker-2: Creating project "coupon-store"] INFO  o.e.m.j.i.AbstractJavaProjectConfigurator - Adding source folder /coupon-store/src/main/java
2021-04-11 12:52:03,786 [Worker-2: Creating project "coupon-store"] INFO  o.e.m.j.i.AbstractJavaProjectConfigurator - Adding resource folder /coupon-store/src/main/resources
2021-04-11 12:52:03,787 [Worker-2: Creating project "coupon-store"] INFO  o.e.m.j.i.AbstractJavaProjectConfigurator - Adding source folder /coupon-store/src/test/java
2021-04-11 12:52:03,787 [Worker-2: Creating project "coupon-store"] INFO  o.e.m.j.i.AbstractJavaProjectConfigurator - Adding resource folder /coupon-store/src/test/resources
2021-04-11 12:52:05,614 [Worker-6: Building workspace] WARN  o.e.m.c.i.embedder.EclipseLogger - Using platform encoding (Cp1252 actually) to copy filtered resources, i.e. build is platform dependent!
2021-04-11 12:52:05,622 [Worker-6: Building workspace] INFO  o.e.m.c.i.embedder.EclipseLogger - Copying 0 resource
2021-04-11 12:52:05,625 [Worker-6: Building workspace] WARN  o.e.m.c.i.embedder.EclipseLogger - Using platform encoding (Cp1252 actually) to copy filtered resources, i.e. build is platform dependent!
2021-04-11 12:52:05,626 [Worker-6: Building workspace] INFO  o.e.m.c.i.embedder.EclipseLogger - Copying 0 resource
2021-04-11 12:53:46,314 [Worker-0: Building workspace] WARN  o.e.m.c.i.embedder.EclipseLogger - Using platform encoding (Cp1252 actually) to copy filtered resources, i.e. build is platform dependent!
2021-04-11 12:53:46,318 [Worker-0: Building workspace] INFO  o.e.m.c.i.embedder.EclipseLogger - Copying 0 resource
2021-04-11 12:53:46,321 [Worker-0: Building workspace] WARN  o.e.m.c.i.embedder.EclipseLogger - Using platform encoding (Cp1252 actually) to copy filtered resources, i.e. build is platform dependent!
2021-04-11 12:53:46,322 [Worker-0: Building workspace] INFO  o.e.m.c.i.embedder.EclipseLogger - Copying 0 resource
2021-04-11 12:54:37,133 [Worker-5: Building workspace] WARN  o.e.m.c.i.embedder.EclipseLogger - Using platform encoding (Cp1252 actually) to copy filtered resources, i.e. build is platform dependent!
2021-04-11 12:54:37,137 [Worker-5: Building workspace] INFO  o.e.m.c.i.embedder.EclipseLogger - Copying 0 resource
2021-04-11 12:54:37,139 [Worker-5: Building workspace] WARN  o.e.m.c.i.embedder.EclipseLogger - Using platform encoding (Cp1252 actually) to copy filtered resources, i.e. build is platform dependent!
2021-04-11 12:54:37,140 [Worker-5: Building workspace] INFO  o.e.m.c.i.embedder.EclipseLogger - Copying 0 resource
2021-04-11 12:54:38,157 [Worker-0: Building workspace] WARN  o.e.m.c.i.embedder.EclipseLogger - Using platform encoding (Cp1252 actually) to copy filtered resources, i.e. build is platform dependent!
2021-04-11 12:54:38,158 [Worker-0: Building workspace] INFO  o.e.m.c.i.embedder.EclipseLogger - Copying 0 resource
2021-04-11 12:54:38,159 [Worker-0: Building workspace] WARN  o.e.m.c.i.embedder.EclipseLogger - Using platform encoding (Cp1252 actually) to copy filtered resources, i.e. build is platform dependent!
2021-04-11 12:54:38,161 [Worker-0: Building workspace] INFO  o.e.m.c.i.embedder.EclipseLogger - Copying 0 resource
2021-04-11 12:56:14,726 [Worker-0: Updating Maven Project] INFO  o.e.m.c.i.p.ProjectConfigurationManager - Update started
2021-04-11 12:56:15,202 [Worker-0: Updating Maven Project] INFO  o.e.m.c.i.l.LifecycleMappingFactory - Using org.eclipse.m2e.jdt.JarLifecycleMapping lifecycle mapping for MavenProject: com.computerwala:coupon-store:0.0.1-SNAPSHOT @ C:\Users\Aman\eclipse-workspace\coupon-store\pom.xml.
2021-04-11 12:56:15,391 [Worker-0: Updating Maven Project] INFO  o.e.m.j.i.AbstractJavaProjectConfigurator - Adding source folder /coupon-store/src/main/java
2021-04-11 12:56:15,392 [Worker-0: Updating Maven Project] INFO  o.e.m.j.i.AbstractJavaProjectConfigurator - Adding resource folder /coupon-store/src/main/resources
2021-04-11 12:56:15,392 [Worker-0: Updating Maven Project] INFO  o.e.m.j.i.AbstractJavaProjectConfigurator - Adding source folder /coupon-store/src/test/java
2021-04-11 12:56:15,392 [Worker-0: Updating Maven Project] INFO  o.e.m.j.i.AbstractJavaProjectConfigurator - Adding resource folder /coupon-store/src/test/resources
2021-04-11 12:56:15,479 [Worker-0: Updating Maven Project] INFO  o.e.m.c.i.p.ProjectConfigurationManager - Update completed: 0 sec
2021-04-11 12:56:15,621 [Worker-3: Building workspace] WARN  o.e.m.c.i.embedder.EclipseLogger - Using platform encoding (Cp1252 actually) to copy filtered resources, i.e. build is platform dependent!
2021-04-11 12:56:15,622 [Worker-3: Building workspace] INFO  o.e.m.c.i.embedder.EclipseLogger - Copying 0 resource
2021-04-11 12:56:15,624 [Worker-3: Building workspace] WARN  o.e.m.c.i.embedder.EclipseLogger - Using platform encoding (Cp1252 actually) to copy filtered resources, i.e. build is platform dependent!
2021-04-11 12:56:15,625 [Worker-3: Building workspace] INFO  o.e.m.c.i.embedder.EclipseLogger - Copying 0 resource
2021-04-11 12:56:50,627 [Worker-2: Building workspace] WARN  o.e.m.c.i.embedder.EclipseLogger - Using platform encoding (Cp1252 actually) to copy filtered resources, i.e. build is platform dependent!
2021-04-11 12:56:50,630 [Worker-2: Building workspace] INFO  o.e.m.c.i.embedder.EclipseLogger - Copying 0 resource
2021-04-11 12:56:50,631 [Worker-2: Building workspace] WARN  o.e.m.c.i.embedder.EclipseLogger - Using platform encoding (Cp1252 actually) to copy filtered resources, i.e. build is platform dependent!
2021-04-11 12:56:50,632 [Worker-2: Building workspace] INFO  o.e.m.c.i.embedder.EclipseLogger - Copying 0 resource
2021-04-11 12:57:14,610 [Worker-0: Building workspace] WARN  o.e.m.c.i.embedder.EclipseLogger - Using platform encoding (Cp1252 actually) to copy filtered resources, i.e. build is platform dependent!
2021-04-11 12:57:14,612 [Worker-0: Building workspace] INFO  o.e.m.c.i.embedder.EclipseLogger - Copying 0 resource
2021-04-11 12:57:14,614 [Worker-0: Building workspace] WARN  o.e.m.c.i.embedder.EclipseLogger - Using platform encoding (Cp1252 actually) to copy filtered resources, i.e. build is platform dependent!
2021-04-11 12:57:14,618 [Worker-0: Building workspace] INFO  o.e.m.c.i.embedder.EclipseLogger - Copying 0 resource
2021-04-11 13:08:20,061 [Worker-22: Building workspace] INFO  o.e.m.c.i.l.LifecycleMappingFactory - Using org.eclipse.m2e.jdt.JarLifecycleMapping lifecycle mapping for MavenProject: com.computerwala:coupon-store:0.0.1-SNAPSHOT @ C:\Users\Aman\eclipse-workspace\coupon-store\pom.xml.
2021-04-11 13:08:22,145 [Worker-22: Building workspace] INFO  o.e.m.c.i.embedder.EclipseLogger - Using 'UTF-8' encoding to copy filtered resources.
2021-04-11 13:08:22,150 [Worker-22: Building workspace] INFO  o.e.m.c.i.embedder.EclipseLogger - Copying 0 resource
2021-04-11 13:08:22,150 [Worker-22: Building workspace] INFO  o.e.m.c.i.embedder.EclipseLogger - Copying 0 resource
2021-04-11 13:08:22,154 [Worker-22: Building workspace] INFO  o.e.m.c.i.embedder.EclipseLogger - Using 'UTF-8' encoding to copy filtered resources.
2021-04-11 13:08:22,155 [Worker-22: Building workspace] INFO  o.e.m.c.i.embedder.EclipseLogger - Copying 0 resource
2021-04-11 13:09:06,503 [Worker-3: Loading available Gradle versions] INFO  o.e.b.c.i.u.g.PublishedGradleVersions - Gradle version information cache is up-to-date. Trying to read.
2021-04-11 13:09:27,731 [Worker-6: Building workspace] INFO  o.e.m.c.i.embedder.EclipseLogger - Using 'UTF-8' encoding to copy filtered resources.
2021-04-11 13:09:27,737 [Worker-6: Building workspace] INFO  o.e.m.c.i.embedder.EclipseLogger - Copying 0 resource
2021-04-11 13:09:27,738 [Worker-6: Building workspace] INFO  o.e.m.c.i.embedder.EclipseLogger - Copying 0 resource
2021-04-11 13:09:27,741 [Worker-6: Building workspace] INFO  o.e.m.c.i.embedder.EclipseLogger - Using 'UTF-8' encoding to copy filtered resources.
2021-04-11 13:09:27,742 [Worker-6: Building workspace] INFO  o.e.m.c.i.embedder.EclipseLogger - Copying 0 resource
2021-04-11 13:10:08,454 [Worker-14: Building workspace] INFO  o.e.m.c.i.embedder.EclipseLogger - Using 'UTF-8' encoding to copy filtered resources.
2021-04-11 13:10:08,457 [Worker-14: Building workspace] INFO  o.e.m.c.i.embedder.EclipseLogger - Copying 0 resource
2021-04-11 13:10:08,458 [Worker-14: Building workspace] INFO  o.e.m.c.i.embedder.EclipseLogger - Copying 0 resource
2021-04-11 13:10:08,461 [Worker-14: Building workspace] INFO  o.e.m.c.i.embedder.EclipseLogger - Using 'UTF-8' encoding to copy filtered resources.
2021-04-11 13:10:08,461 [Worker-14: Building workspace] INFO  o.e.m.c.i.embedder.EclipseLogger - Copying 0 resource
2021-04-11 13:10:11,056 [Worker-9: Building workspace] INFO  o.e.m.c.i.embedder.EclipseLogger - Using 'UTF-8' encoding to copy filtered resources.
2021-04-11 13:10:11,058 [Worker-9: Building workspace] INFO  o.e.m.c.i.embedder.EclipseLogger - Copying 0 resource
2021-04-11 13:10:11,058 [Worker-9: Building workspace] INFO  o.e.m.c.i.embedder.EclipseLogger - Copying 0 resource
2021-04-11 13:10:11,061 [Worker-9: Building workspace] INFO  o.e.m.c.i.embedder.EclipseLogger - Using 'UTF-8' encoding to copy filtered resources.
2021-04-11 13:10:11,061 [Worker-9: Building workspace] INFO  o.e.m.c.i.embedder.EclipseLogger - Copying 0 resource
2021-04-11 13:11:42,334 [Worker-6: Building workspace] INFO  o.e.m.c.i.embedder.EclipseLogger - Using 'UTF-8' encoding to copy filtered resources.
2021-04-11 13:11:42,338 [Worker-6: Building workspace] INFO  o.e.m.c.i.embedder.EclipseLogger - Copying 0 resource
2021-04-11 13:11:42,339 [Worker-6: Building workspace] INFO  o.e.m.c.i.embedder.EclipseLogger - Copying 0 resource
2021-04-11 13:11:42,343 [Worker-6: Building workspace] INFO  o.e.m.c.i.embedder.EclipseLogger - Using 'UTF-8' encoding to copy filtered resources.
2021-04-11 13:11:42,343 [Worker-6: Building workspace] INFO  o.e.m.c.i.embedder.EclipseLogger - Copying 0 resource
2021-04-11 13:12:27,573 [Worker-6: Building workspace] INFO  o.e.m.c.i.embedder.EclipseLogger - Using 'UTF-8' encoding to copy filtered resources.
2021-04-11 13:12:27,574 [Worker-6: Building workspace] INFO  o.e.m.c.i.embedder.EclipseLogger - Copying 0 resource
2021-04-11 13:12:27,576 [Worker-6: Building workspace] INFO  o.e.m.c.i.embedder.EclipseLogger - Copying 0 resource
2021-04-11 13:12:27,579 [Worker-6: Building workspace] INFO  o.e.m.c.i.embedder.EclipseLogger - Using 'UTF-8' encoding to copy filtered resources.
2021-04-11 13:12:27,579 [Worker-6: Building workspace] INFO  o.e.m.c.i.embedder.EclipseLogger - Copying 0 resource
2021-04-11 13:14:04,909 [Worker-15: Building workspace] INFO  o.e.m.c.i.embedder.EclipseLogger - Using 'UTF-8' encoding to copy filtered resources.
2021-04-11 13:14:04,910 [Worker-15: Building workspace] INFO  o.e.m.c.i.embedder.EclipseLogger - Copying 0 resource
2021-04-11 13:14:04,910 [Worker-15: Building workspace] INFO  o.e.m.c.i.embedder.EclipseLogger - Copying 0 resource
2021-04-11 13:14:04,913 [Worker-15: Building workspace] INFO  o.e.m.c.i.embedder.EclipseLogger - Using 'UTF-8' encoding to copy filtered resources.
2021-04-11 13:14:04,913 [Worker-15: Building workspace] INFO  o.e.m.c.i.embedder.EclipseLogger - Copying 0 resource
2021-04-11 13:15:55,086 [Worker-15: Building workspace] INFO  o.e.m.c.i.embedder.EclipseLogger - Using 'UTF-8' encoding to copy filtered resources.
2021-04-11 13:15:55,087 [Worker-15: Building workspace] INFO  o.e.m.c.i.embedder.EclipseLogger - Copying 0 resource
2021-04-11 13:15:55,088 [Worker-15: Building workspace] INFO  o.e.m.c.i.embedder.EclipseLogger - Copying 0 resource
2021-04-11 13:15:55,091 [Worker-15: Building workspace] INFO  o.e.m.c.i.embedder.EclipseLogger - Using 'UTF-8' encoding to copy filtered resources.
2021-04-11 13:15:55,092 [Worker-15: Building workspace] INFO  o.e.m.c.i.embedder.EclipseLogger - Copying 0 resource
2021-04-11 13:17:41,394 [Worker-6: Building workspace] INFO  o.e.m.c.i.embedder.EclipseLogger - Using 'UTF-8' encoding to copy filtered resources.
2021-04-11 13:17:41,397 [Worker-6: Building workspace] INFO  o.e.m.c.i.embedder.EclipseLogger - Copying 1 resource
2021-04-11 13:17:41,412 [Worker-6: Building workspace] INFO  o.e.m.c.i.embedder.EclipseLogger - Copying 0 resource
2021-04-11 13:17:41,418 [Worker-6: Building workspace] INFO  o.e.m.c.i.embedder.EclipseLogger - Using 'UTF-8' encoding to copy filtered resources.
2021-04-11 13:17:41,418 [Worker-6: Building workspace] INFO  o.e.m.c.i.embedder.EclipseLogger - Copying 0 resource
2021-04-11 13:19:11,874 [Worker-8: Updating Maven Project] INFO  o.e.m.c.i.p.ProjectConfigurationManager - Update started
2021-04-11 13:19:12,658 [Worker-8: Updating Maven Project] INFO  o.e.m.c.i.l.LifecycleMappingFactory - Using org.eclipse.m2e.jdt.JarLifecycleMapping lifecycle mapping for MavenProject: com.computerwala:coupon-store:0.0.1-SNAPSHOT @ C:\Users\Aman\eclipse-workspace\coupon-store\pom.xml.
2021-04-11 13:19:13,139 [Worker-8: Updating Maven Project] INFO  o.e.m.j.i.AbstractJavaProjectConfigurator - Adding source folder /coupon-store/src/main/java
2021-04-11 13:19:13,140 [Worker-8: Updating Maven Project] INFO  o.e.m.j.i.AbstractJavaProjectConfigurator - Adding resource folder /coupon-store/src/main/resources
2021-04-11 13:19:13,150 [Worker-8: Updating Maven Project] INFO  o.e.m.j.i.AbstractJavaProjectConfigurator - Adding resource folder /coupon-store/src/main/resources
2021-04-11 13:19:13,158 [Worker-8: Updating Maven Project] INFO  o.e.m.j.i.AbstractJavaProjectConfigurator - Adding source folder /coupon-store/src/test/java
2021-04-11 13:19:13,159 [Worker-8: Updating Maven Project] INFO  o.e.m.j.i.AbstractJavaProjectConfigurator - Adding resource folder /coupon-store/src/test/resources
2021-04-11 13:19:13,464 [Worker-8: Updating Maven Project] INFO  o.e.m.c.i.p.ProjectConfigurationManager - Update completed: 1 sec
2021-04-11 13:19:17,277 [Worker-18: Building workspace] INFO  o.e.m.c.i.embedder.EclipseLogger - Using 'UTF-8' encoding to copy filtered resources.
2021-04-11 13:19:17,278 [Worker-18: Building workspace] INFO  o.e.m.c.i.embedder.EclipseLogger - Copying 1 resource
2021-04-11 13:19:17,295 [Worker-18: Building workspace] INFO  o.e.m.c.i.embedder.EclipseLogger - Copying 0 resource
2021-04-11 13:19:17,302 [Worker-18: Building workspace] INFO  o.e.m.c.i.embedder.EclipseLogger - Using 'UTF-8' encoding to copy filtered resources.
2021-04-11 13:19:17,302 [Worker-18: Building workspace] INFO  o.e.m.c.i.embedder.EclipseLogger - Copying 0 resource
2021-04-11 13:19:18,925 [Worker-8: Building workspace] INFO  o.e.m.c.i.embedder.EclipseLogger - Using 'UTF-8' encoding to copy filtered resources.
2021-04-11 13:19:18,927 [Worker-8: Building workspace] INFO  o.e.m.c.i.embedder.EclipseLogger - Copying 0 resource
2021-04-11 13:19:18,928 [Worker-8: Building workspace] INFO  o.e.m.c.i.embedder.EclipseLogger - Copying 0 resource
2021-04-11 13:19:18,931 [Worker-8: Building workspace] INFO  o.e.m.c.i.embedder.EclipseLogger - Using 'UTF-8' encoding to copy filtered resources.
2021-04-11 13:19:18,932 [Worker-8: Building workspace] INFO  o.e.m.c.i.embedder.EclipseLogger - Copying 0 resource
2021-04-11 13:19:35,748 [Worker-19: Launching CouponDealsApplication] INFO  o.e.m.c.i.embedder.EclipseLogger - Using 'UTF-8' encoding to copy filtered resources.
2021-04-11 13:19:35,749 [Worker-19: Launching CouponDealsApplication] INFO  o.e.m.c.i.embedder.EclipseLogger - Copying 1 resource
2021-04-11 13:19:35,751 [Worker-19: Launching CouponDealsApplication] INFO  o.e.m.c.i.embedder.EclipseLogger - Copying 0 resource
2021-04-11 13:19:35,753 [Worker-19: Launching CouponDealsApplication] INFO  o.e.m.c.i.embedder.EclipseLogger - Using 'UTF-8' encoding to copy filtered resources.
2021-04-11 13:19:35,753 [Worker-19: Launching CouponDealsApplication] INFO  o.e.m.c.i.embedder.EclipseLogger - Copying 0 resource
2021-04-11 13:20:39,778 [Worker-16: Building workspace] INFO  o.e.m.c.i.embedder.EclipseLogger - Using 'UTF-8' encoding to copy filtered resources.
2021-04-11 13:20:39,778 [Worker-16: Building workspace] INFO  o.e.m.c.i.embedder.EclipseLogger - Copying 1 resource
2021-04-11 13:20:39,780 [Worker-16: Building workspace] INFO  o.e.m.c.i.embedder.EclipseLogger - Copying 0 resource
2021-04-11 13:20:39,782 [Worker-16: Building workspace] INFO  o.e.m.c.i.embedder.EclipseLogger - Using 'UTF-8' encoding to copy filtered resources.
2021-04-11 13:20:39,782 [Worker-16: Building workspace] INFO  o.e.m.c.i.embedder.EclipseLogger - Copying 0 resource
2021-04-11 13:26:52,112 [Worker-21: Building workspace] INFO  o.e.m.c.i.l.LifecycleMappingFactory - Using org.eclipse.m2e.jdt.JarLifecycleMapping lifecycle mapping for MavenProject: com.computerwala:coupon-store:0.0.1-SNAPSHOT @ C:\Users\Aman\eclipse-workspace\coupon-store\pom.xml.
2021-04-11 13:26:52,577 [Worker-21: Building workspace] INFO  o.e.m.c.i.embedder.EclipseLogger - Using 'UTF-8' encoding to copy filtered resources.
2021-04-11 13:26:52,582 [Worker-21: Building workspace] INFO  o.e.m.c.i.embedder.EclipseLogger - Copying 0 resource
2021-04-11 13:26:52,583 [Worker-21: Building workspace] INFO  o.e.m.c.i.embedder.EclipseLogger - Copying 0 resource
2021-04-11 13:26:52,585 [Worker-21: Building workspace] INFO  o.e.m.c.i.embedder.EclipseLogger - Using 'UTF-8' encoding to copy filtered resources.
2021-04-11 13:26:52,586 [Worker-21: Building workspace] INFO  o.e.m.c.i.embedder.EclipseLogger - Copying 0 resource
2021-04-11 13:27:05,995 [Worker-21: Updating Maven Project] INFO  o.e.m.c.i.p.ProjectConfigurationManager - Update started
2021-04-11 13:27:06,453 [Worker-21: Updating Maven Project] INFO  o.e.m.c.i.l.LifecycleMappingFactory - Using org.eclipse.m2e.jdt.JarLifecycleMapping lifecycle mapping for MavenProject: com.computerwala:coupon-store:0.0.1-SNAPSHOT @ C:\Users\Aman\eclipse-workspace\coupon-store\pom.xml.
2021-04-11 13:27:06,922 [Worker-21: Updating Maven Project] INFO  o.e.m.j.i.AbstractJavaProjectConfigurator - Adding source folder /coupon-store/src/main/java
2021-04-11 13:27:06,923 [Worker-21: Updating Maven Project] INFO  o.e.m.j.i.AbstractJavaProjectConfigurator - Adding resource folder /coupon-store/src/main/resources
2021-04-11 13:27:06,923 [Worker-21: Updating Maven Project] INFO  o.e.m.j.i.AbstractJavaProjectConfigurator - Adding resource folder /coupon-store/src/main/resources
2021-04-11 13:27:06,923 [Worker-21: Updating Maven Project] INFO  o.e.m.j.i.AbstractJavaProjectConfigurator - Adding source folder /coupon-store/src/test/java
2021-04-11 13:27:06,924 [Worker-21: Updating Maven Project] INFO  o.e.m.j.i.AbstractJavaProjectConfigurator - Adding resource folder /coupon-store/src/test/resources
2021-04-11 13:27:07,057 [Worker-21: Updating Maven Project] INFO  o.e.m.c.i.p.ProjectConfigurationManager - Update completed: 1 sec
2021-04-11 13:27:08,076 [Worker-21: Building workspace] INFO  o.e.m.c.i.embedder.EclipseLogger - Using 'UTF-8' encoding to copy filtered resources.
2021-04-11 13:27:08,077 [Worker-21: Building workspace] INFO  o.e.m.c.i.embedder.EclipseLogger - Copying 1 resource
2021-04-11 13:27:08,093 [Worker-21: Building workspace] INFO  o.e.m.c.i.embedder.EclipseLogger - Copying 0 resource
2021-04-11 13:27:08,098 [Worker-21: Building workspace] INFO  o.e.m.c.i.embedder.EclipseLogger - Using 'UTF-8' encoding to copy filtered resources.
2021-04-11 13:27:08,098 [Worker-21: Building workspace] INFO  o.e.m.c.i.embedder.EclipseLogger - Copying 0 resource
2021-04-11 13:27:26,318 [Worker-25: Updating Maven Project] INFO  o.e.m.c.i.p.ProjectConfigurationManager - Update started
2021-04-11 13:27:26,762 [Worker-25: Updating Maven Project] INFO  o.e.m.c.i.l.LifecycleMappingFactory - Using org.eclipse.m2e.jdt.JarLifecycleMapping lifecycle mapping for MavenProject: com.computerwala:coupon-store:0.0.1-SNAPSHOT @ C:\Users\Aman\eclipse-workspace\coupon-store\pom.xml.
2021-04-11 13:27:27,138 [Worker-25: Updating Maven Project] INFO  o.e.m.j.i.AbstractJavaProjectConfigurator - Adding source folder /coupon-store/src/main/java
2021-04-11 13:27:27,138 [Worker-25: Updating Maven Project] INFO  o.e.m.j.i.AbstractJavaProjectConfigurator - Adding resource folder /coupon-store/src/main/resources
2021-04-11 13:27:27,138 [Worker-25: Updating Maven Project] INFO  o.e.m.j.i.AbstractJavaProjectConfigurator - Adding resource folder /coupon-store/src/main/resources
2021-04-11 13:27:27,139 [Worker-25: Updating Maven Project] INFO  o.e.m.j.i.AbstractJavaProjectConfigurator - Adding source folder /coupon-store/src/test/java
2021-04-11 13:27:27,139 [Worker-25: Updating Maven Project] INFO  o.e.m.j.i.AbstractJavaProjectConfigurator - Adding resource folder /coupon-store/src/test/resources
2021-04-11 13:27:27,277 [Worker-25: Updating Maven Project] INFO  o.e.m.c.i.p.ProjectConfigurationManager - Update completed: 0 sec
2021-04-11 13:27:28,311 [Worker-25: Building workspace] INFO  o.e.m.c.i.embedder.EclipseLogger - Using 'UTF-8' encoding to copy filtered resources.
2021-04-11 13:27:28,312 [Worker-25: Building workspace] INFO  o.e.m.c.i.embedder.EclipseLogger - Copying 1 resource
2021-04-11 13:27:28,327 [Worker-25: Building workspace] INFO  o.e.m.c.i.embedder.EclipseLogger - Copying 0 resource
2021-04-11 13:27:28,330 [Worker-25: Building workspace] INFO  o.e.m.c.i.embedder.EclipseLogger - Using 'UTF-8' encoding to copy filtered resources.
2021-04-11 13:27:28,330 [Worker-25: Building workspace] INFO  o.e.m.c.i.embedder.EclipseLogger - Copying 0 resource
2021-04-11 13:27:48,842 [Worker-16: Building workspace] INFO  o.e.m.c.i.l.LifecycleMappingFactory - Using org.eclipse.m2e.jdt.JarLifecycleMapping lifecycle mapping for MavenProject: com.computerwala:coupon-store:0.0.1-SNAPSHOT @ C:\Users\Aman\eclipse-workspace\coupon-store\pom.xml.
2021-04-11 13:27:49,316 [Worker-16: Building workspace] INFO  o.e.m.c.i.embedder.EclipseLogger - Using 'UTF-8' encoding to copy filtered resources.
2021-04-11 13:27:49,319 [Worker-16: Building workspace] INFO  o.e.m.c.i.embedder.EclipseLogger - Copying 0 resource
2021-04-11 13:27:49,320 [Worker-16: Building workspace] INFO  o.e.m.c.i.embedder.EclipseLogger - Copying 0 resource
2021-04-11 13:27:49,324 [Worker-16: Building workspace] INFO  o.e.m.c.i.embedder.EclipseLogger - Using 'UTF-8' encoding to copy filtered resources.
2021-04-11 13:27:49,324 [Worker-16: Building workspace] INFO  o.e.m.c.i.embedder.EclipseLogger - Copying 0 resource
2021-04-11 16:39:21,668 [Worker-75: Launching CouponDealsApplication] INFO  o.e.m.c.i.embedder.EclipseLogger - Using 'UTF-8' encoding to copy filtered resources.
2021-04-11 16:39:21,669 [Worker-75: Launching CouponDealsApplication] INFO  o.e.m.c.i.embedder.EclipseLogger - Copying 1 resource
2021-04-11 16:39:21,704 [Worker-75: Launching CouponDealsApplication] INFO  o.e.m.c.i.embedder.EclipseLogger - Copying 0 resource
2021-04-11 16:39:21,708 [Worker-75: Launching CouponDealsApplication] INFO  o.e.m.c.i.embedder.EclipseLogger - Using 'UTF-8' encoding to copy filtered resources.
2021-04-11 16:39:21,708 [Worker-75: Launching CouponDealsApplication] INFO  o.e.m.c.i.embedder.EclipseLogger - Copying 0 resource
2021-04-11 23:07:28,964 [Worker-93: Launching Executing install in C__Users_Aman_eclipse-workspace_coupon-store] INFO  o.e.m.i.launch.MavenLaunchDelegate - C:\Users\Aman\eclipse-workspace\coupon-store
2021-04-11 23:07:28,970 [Worker-93: Launching Executing install in C__Users_Aman_eclipse-workspace_coupon-store] INFO  o.e.m.i.launch.MavenLaunchDelegate -  mvn -B install
2021-04-11 23:08:00,973 [Worker-97: Building workspace] INFO  o.e.m.c.i.embedder.EclipseLogger - Using 'UTF-8' encoding to copy filtered resources.
2021-04-11 23:08:00,974 [Worker-97: Building workspace] INFO  o.e.m.c.i.embedder.EclipseLogger - Copying 1 resource
2021-04-11 23:08:00,976 [Worker-97: Building workspace] INFO  o.e.m.c.i.embedder.EclipseLogger - Copying 0 resource
2021-04-11 23:08:00,980 [Worker-97: Building workspace] INFO  o.e.m.c.i.embedder.EclipseLogger - Using 'UTF-8' encoding to copy filtered resources.
2021-04-11 23:08:00,980 [Worker-97: Building workspace] INFO  o.e.m.c.i.embedder.EclipseLogger - Copying 0 resource
2021-04-12 11:13:57,085 [Worker-122: Launching Executing install in C__Users_Aman_eclipse-workspace_coupon-store] INFO  o.e.m.i.launch.MavenLaunchDelegate - C:\Users\Aman\eclipse-workspace\coupon-store
2021-04-12 11:13:57,089 [Worker-122: Launching Executing install in C__Users_Aman_eclipse-workspace_coupon-store] INFO  o.e.m.i.launch.MavenLaunchDelegate -  mvn -B install
2021-04-12 11:14:35,425 [Worker-125: Building workspace] INFO  o.e.m.c.i.embedder.EclipseLogger - Using 'UTF-8' encoding to copy filtered resources.
2021-04-12 11:14:35,426 [Worker-125: Building workspace] INFO  o.e.m.c.i.embedder.EclipseLogger - Copying 1 resource
2021-04-12 11:14:35,429 [Worker-125: Building workspace] INFO  o.e.m.c.i.embedder.EclipseLogger - Copying 0 resource
2021-04-12 11:14:35,466 [Worker-125: Building workspace] INFO  o.e.m.c.i.embedder.EclipseLogger - Using 'UTF-8' encoding to copy filtered resources.
2021-04-12 11:14:35,468 [Worker-125: Building workspace] INFO  o.e.m.c.i.embedder.EclipseLogger - Copying 0 resource
2021-04-12 11:14:48,399 [Worker-122: Launching CouponDealsApplication] INFO  o.e.m.c.i.embedder.EclipseLogger - Using 'UTF-8' encoding to copy filtered resources.
2021-04-12 11:14:48,400 [Worker-122: Launching CouponDealsApplication] INFO  o.e.m.c.i.embedder.EclipseLogger - Copying 1 resource
2021-04-12 11:14:48,402 [Worker-122: Launching CouponDealsApplication] INFO  o.e.m.c.i.embedder.EclipseLogger - Copying 0 resource
2021-04-12 11:14:48,409 [Worker-122: Launching CouponDealsApplication] INFO  o.e.m.c.i.embedder.EclipseLogger - Using 'UTF-8' encoding to copy filtered resources.
2021-04-12 11:14:48,409 [Worker-122: Launching CouponDealsApplication] INFO  o.e.m.c.i.embedder.EclipseLogger - Copying 0 resource
2021-04-12 18:18:00,693 [Worker-159: Launching CouponDealsApplication] INFO  o.e.m.c.i.embedder.EclipseLogger - Using 'UTF-8' encoding to copy filtered resources.
2021-04-12 18:18:00,695 [Worker-159: Launching CouponDealsApplication] INFO  o.e.m.c.i.embedder.EclipseLogger - Copying 1 resource
2021-04-12 18:18:00,705 [Worker-159: Launching CouponDealsApplication] INFO  o.e.m.c.i.embedder.EclipseLogger - Copying 0 resource
2021-04-12 18:18:00,710 [Worker-159: Launching CouponDealsApplication] INFO  o.e.m.c.i.embedder.EclipseLogger - Using 'UTF-8' encoding to copy filtered resources.
2021-04-12 18:18:00,710 [Worker-159: Launching CouponDealsApplication] INFO  o.e.m.c.i.embedder.EclipseLogger - Copying 0 resource
2021-04-12 23:54:12,871 [Worker-208: Launching CouponDealsApplication] INFO  o.e.m.c.i.embedder.EclipseLogger - Using 'UTF-8' encoding to copy filtered resources.
2021-04-12 23:54:12,876 [Worker-208: Launching CouponDealsApplication] INFO  o.e.m.c.i.embedder.EclipseLogger - Copying 1 resource
2021-04-12 23:54:12,878 [Worker-208: Launching CouponDealsApplication] INFO  o.e.m.c.i.embedder.EclipseLogger - Copying 0 resource
2021-04-12 23:54:12,882 [Worker-208: Launching CouponDealsApplication] INFO  o.e.m.c.i.embedder.EclipseLogger - Using 'UTF-8' encoding to copy filtered resources.
2021-04-12 23:54:12,883 [Worker-208: Launching CouponDealsApplication] INFO  o.e.m.c.i.embedder.EclipseLogger - Copying 0 resource
2021-04-13 00:02:23,709 [Worker-181: Building workspace] INFO  o.e.m.c.i.embedder.EclipseLogger - Using 'UTF-8' encoding to copy filtered resources.
2021-04-13 00:02:23,709 [Worker-181: Building workspace] INFO  o.e.m.c.i.embedder.EclipseLogger - Copying 1 resource
2021-04-13 00:02:23,711 [Worker-181: Building workspace] INFO  o.e.m.c.i.embedder.EclipseLogger - Copying 0 resource
2021-04-13 00:02:23,715 [Worker-181: Building workspace] INFO  o.e.m.c.i.embedder.EclipseLogger - Using 'UTF-8' encoding to copy filtered resources.
2021-04-13 00:02:23,715 [Worker-181: Building workspace] INFO  o.e.m.c.i.embedder.EclipseLogger - Copying 0 resource
2021-04-13 00:05:06,039 [Worker-211: Launching CouponDealsApplication] INFO  o.e.m.c.i.embedder.EclipseLogger - Using 'UTF-8' encoding to copy filtered resources.
2021-04-13 00:05:06,039 [Worker-211: Launching CouponDealsApplication] INFO  o.e.m.c.i.embedder.EclipseLogger - Copying 1 resource
2021-04-13 00:05:06,040 [Worker-211: Launching CouponDealsApplication] INFO  o.e.m.c.i.embedder.EclipseLogger - Copying 0 resource
2021-04-13 00:05:06,042 [Worker-211: Launching CouponDealsApplication] INFO  o.e.m.c.i.embedder.EclipseLogger - Using 'UTF-8' encoding to copy filtered resources.
2021-04-13 00:05:06,042 [Worker-211: Launching CouponDealsApplication] INFO  o.e.m.c.i.embedder.EclipseLogger - Copying 0 resource
2021-04-13 01:28:17,807 [Worker-226: Building workspace] INFO  o.e.m.c.i.embedder.EclipseLogger - Using 'UTF-8' encoding to copy filtered resources.
2021-04-13 01:28:17,810 [Worker-226: Building workspace] INFO  o.e.m.c.i.embedder.EclipseLogger - Copying 1 resource
2021-04-13 01:28:17,812 [Worker-226: Building workspace] INFO  o.e.m.c.i.embedder.EclipseLogger - Copying 0 resource
2021-04-13 01:28:17,828 [Worker-226: Building workspace] INFO  o.e.m.c.i.embedder.EclipseLogger - Using 'UTF-8' encoding to copy filtered resources.
2021-04-13 01:28:17,828 [Worker-226: Building workspace] INFO  o.e.m.c.i.embedder.EclipseLogger - Copying 0 resource
2021-04-13 01:44:17,204 [Worker-238: Building workspace] INFO  o.e.m.c.i.embedder.EclipseLogger - Using 'UTF-8' encoding to copy filtered resources.
2021-04-13 01:44:17,205 [Worker-238: Building workspace] INFO  o.e.m.c.i.embedder.EclipseLogger - Copying 1 resource
2021-04-13 01:44:17,209 [Worker-238: Building workspace] INFO  o.e.m.c.i.embedder.EclipseLogger - Copying 0 resource
2021-04-13 01:44:17,211 [Worker-238: Building workspace] INFO  o.e.m.c.i.embedder.EclipseLogger - Using 'UTF-8' encoding to copy filtered resources.
2021-04-13 01:44:17,212 [Worker-238: Building workspace] INFO  o.e.m.c.i.embedder.EclipseLogger - Copying 0 resource
2021-04-13 01:44:53,121 [Worker-240: Building workspace] INFO  o.e.m.c.i.embedder.EclipseLogger - Using 'UTF-8' encoding to copy filtered resources.
2021-04-13 01:44:53,122 [Worker-240: Building workspace] INFO  o.e.m.c.i.embedder.EclipseLogger - Copying 1 resource
2021-04-13 01:44:53,123 [Worker-240: Building workspace] INFO  o.e.m.c.i.embedder.EclipseLogger - Copying 0 resource
2021-04-13 01:44:53,125 [Worker-240: Building workspace] INFO  o.e.m.c.i.embedder.EclipseLogger - Using 'UTF-8' encoding to copy filtered resources.
2021-04-13 01:44:53,126 [Worker-240: Building workspace] INFO  o.e.m.c.i.embedder.EclipseLogger - Copying 0 resource
2021-04-13 01:47:01,972 [Worker-233: Building workspace] INFO  o.e.m.c.i.embedder.EclipseLogger - Using 'UTF-8' encoding to copy filtered resources.
2021-04-13 01:47:01,973 [Worker-233: Building workspace] INFO  o.e.m.c.i.embedder.EclipseLogger - Copying 1 resource
2021-04-13 01:47:01,974 [Worker-233: Building workspace] INFO  o.e.m.c.i.embedder.EclipseLogger - Copying 0 resource
2021-04-13 01:47:01,976 [Worker-233: Building workspace] INFO  o.e.m.c.i.embedder.EclipseLogger - Using 'UTF-8' encoding to copy filtered resources.
2021-04-13 01:47:01,976 [Worker-233: Building workspace] INFO  o.e.m.c.i.embedder.EclipseLogger - Copying 0 resource
2021-04-13 01:50:48,302 [Worker-239: Building workspace] INFO  o.e.m.c.i.embedder.EclipseLogger - Using 'UTF-8' encoding to copy filtered resources.
2021-04-13 01:50:48,303 [Worker-239: Building workspace] INFO  o.e.m.c.i.embedder.EclipseLogger - Copying 1 resource
2021-04-13 01:50:48,304 [Worker-239: Building workspace] INFO  o.e.m.c.i.embedder.EclipseLogger - Copying 0 resource
2021-04-13 01:50:48,307 [Worker-239: Building workspace] INFO  o.e.m.c.i.embedder.EclipseLogger - Using 'UTF-8' encoding to copy filtered resources.
2021-04-13 01:50:48,307 [Worker-239: Building workspace] INFO  o.e.m.c.i.embedder.EclipseLogger - Copying 0 resource
2021-04-13 12:02:36,965 [Worker-246: Launching Executing install in C__Users_Aman_eclipse-workspace_coupon-store] INFO  o.e.m.i.launch.MavenLaunchDelegate - C:\Users\Aman\eclipse-workspace\coupon-store
2021-04-13 12:02:36,966 [Worker-246: Launching Executing install in C__Users_Aman_eclipse-workspace_coupon-store] INFO  o.e.m.i.launch.MavenLaunchDelegate -  mvn -B install
2021-04-13 12:02:41,936 [Worker-248: Building workspace] INFO  o.e.m.c.i.embedder.EclipseLogger - Using 'UTF-8' encoding to copy filtered resources.
2021-04-13 12:02:41,936 [Worker-248: Building workspace] INFO  o.e.m.c.i.embedder.EclipseLogger - Copying 1 resource
2021-04-13 12:02:41,938 [Worker-248: Building workspace] INFO  o.e.m.c.i.embedder.EclipseLogger - Copying 0 resource
2021-04-13 12:02:41,939 [Worker-248: Building workspace] INFO  o.e.m.c.i.embedder.EclipseLogger - Using 'UTF-8' encoding to copy filtered resources.
2021-04-13 12:02:41,939 [Worker-248: Building workspace] INFO  o.e.m.c.i.embedder.EclipseLogger - Copying 0 resource
2021-04-13 12:03:57,012 [Worker-250: Building workspace] INFO  o.e.m.c.i.embedder.EclipseLogger - Using 'UTF-8' encoding to copy filtered resources.
2021-04-13 12:03:57,014 [Worker-250: Building workspace] INFO  o.e.m.c.i.embedder.EclipseLogger - Copying 1 resource
2021-04-13 12:03:57,017 [Worker-250: Building workspace] INFO  o.e.m.c.i.embedder.EclipseLogger - Copying 0 resource
2021-04-13 12:03:57,021 [Worker-250: Building workspace] INFO  o.e.m.c.i.embedder.EclipseLogger - Using 'UTF-8' encoding to copy filtered resources.
2021-04-13 12:03:57,021 [Worker-250: Building workspace] INFO  o.e.m.c.i.embedder.EclipseLogger - Copying 0 resource
2021-04-13 12:04:21,950 [Worker-246: Building workspace] INFO  o.e.m.c.i.embedder.EclipseLogger - Using 'UTF-8' encoding to copy filtered resources.
2021-04-13 12:04:21,950 [Worker-246: Building workspace] INFO  o.e.m.c.i.embedder.EclipseLogger - Copying 1 resource
2021-04-13 12:04:21,952 [Worker-246: Building workspace] INFO  o.e.m.c.i.embedder.EclipseLogger - Copying 0 resource
2021-04-13 12:04:21,953 [Worker-246: Building workspace] INFO  o.e.m.c.i.embedder.EclipseLogger - Using 'UTF-8' encoding to copy filtered resources.
2021-04-13 12:04:21,954 [Worker-246: Building workspace] INFO  o.e.m.c.i.embedder.EclipseLogger - Copying 0 resource
2021-04-13 12:04:35,077 [Worker-247: Building workspace] INFO  o.e.m.c.i.embedder.EclipseLogger - Using 'UTF-8' encoding to copy filtered resources.
2021-04-13 12:04:35,078 [Worker-247: Building workspace] INFO  o.e.m.c.i.embedder.EclipseLogger - Copying 1 resource
2021-04-13 12:04:35,079 [Worker-247: Building workspace] INFO  o.e.m.c.i.embedder.EclipseLogger - Copying 0 resource
2021-04-13 12:04:35,081 [Worker-247: Building workspace] INFO  o.e.m.c.i.embedder.EclipseLogger - Using 'UTF-8' encoding to copy filtered resources.
2021-04-13 12:04:35,082 [Worker-247: Building workspace] INFO  o.e.m.c.i.embedder.EclipseLogger - Copying 0 resource
2021-04-13 12:04:53,438 [Worker-246: Building workspace] INFO  o.e.m.c.i.embedder.EclipseLogger - Using 'UTF-8' encoding to copy filtered resources.
2021-04-13 12:04:53,438 [Worker-246: Building workspace] INFO  o.e.m.c.i.embedder.EclipseLogger - Copying 1 resource
2021-04-13 12:04:53,440 [Worker-246: Building workspace] INFO  o.e.m.c.i.embedder.EclipseLogger - Copying 0 resource
2021-04-13 12:04:53,444 [Worker-246: Building workspace] INFO  o.e.m.c.i.embedder.EclipseLogger - Using 'UTF-8' encoding to copy filtered resources.
2021-04-13 12:04:53,444 [Worker-246: Building workspace] INFO  o.e.m.c.i.embedder.EclipseLogger - Copying 0 resource
2021-04-13 12:07:22,224 [Worker-247: Building workspace] INFO  o.e.m.c.i.embedder.EclipseLogger - Using 'UTF-8' encoding to copy filtered resources.
2021-04-13 12:07:22,226 [Worker-247: Building workspace] INFO  o.e.m.c.i.embedder.EclipseLogger - Copying 1 resource
2021-04-13 12:07:22,228 [Worker-247: Building workspace] INFO  o.e.m.c.i.embedder.EclipseLogger - Copying 0 resource
2021-04-13 12:07:22,230 [Worker-247: Building workspace] INFO  o.e.m.c.i.embedder.EclipseLogger - Using 'UTF-8' encoding to copy filtered resources.
2021-04-13 12:07:22,230 [Worker-247: Building workspace] INFO  o.e.m.c.i.embedder.EclipseLogger - Copying 0 resource
2021-04-13 12:09:36,736 [Worker-250: Building workspace] INFO  o.e.m.c.i.embedder.EclipseLogger - Using 'UTF-8' encoding to copy filtered resources.
2021-04-13 12:09:36,736 [Worker-250: Building workspace] INFO  o.e.m.c.i.embedder.EclipseLogger - Copying 1 resource
2021-04-13 12:09:36,737 [Worker-250: Building workspace] INFO  o.e.m.c.i.embedder.EclipseLogger - Copying 0 resource
2021-04-13 12:09:36,740 [Worker-250: Building workspace] INFO  o.e.m.c.i.embedder.EclipseLogger - Using 'UTF-8' encoding to copy filtered resources.
2021-04-13 12:09:36,740 [Worker-250: Building workspace] INFO  o.e.m.c.i.embedder.EclipseLogger - Copying 0 resource
2021-04-13 12:12:46,105 [Worker-252: Building workspace] INFO  o.e.m.c.i.embedder.EclipseLogger - Using 'UTF-8' encoding to copy filtered resources.
2021-04-13 12:12:46,105 [Worker-252: Building workspace] INFO  o.e.m.c.i.embedder.EclipseLogger - Copying 1 resource
2021-04-13 12:12:46,115 [Worker-252: Building workspace] INFO  o.e.m.c.i.embedder.EclipseLogger - Copying 0 resource
2021-04-13 12:12:46,117 [Worker-252: Building workspace] INFO  o.e.m.c.i.embedder.EclipseLogger - Using 'UTF-8' encoding to copy filtered resources.
2021-04-13 12:12:46,117 [Worker-252: Building workspace] INFO  o.e.m.c.i.embedder.EclipseLogger - Copying 0 resource
2021-04-13 12:15:36,056 [Worker-251: Launching Executing install in C__Users_Aman_eclipse-workspace_coupon-store] INFO  o.e.m.i.launch.MavenLaunchDelegate - C:\Users\Aman\eclipse-workspace\coupon-store
2021-04-13 12:15:36,056 [Worker-251: Launching Executing install in C__Users_Aman_eclipse-workspace_coupon-store] INFO  o.e.m.i.launch.MavenLaunchDelegate -  mvn -B install
2021-04-13 12:15:39,977 [Worker-252: Building workspace] INFO  o.e.m.c.i.embedder.EclipseLogger - Using 'UTF-8' encoding to copy filtered resources.
2021-04-13 12:15:39,978 [Worker-252: Building workspace] INFO  o.e.m.c.i.embedder.EclipseLogger - Copying 1 resource
2021-04-13 12:15:39,979 [Worker-252: Building workspace] INFO  o.e.m.c.i.embedder.EclipseLogger - Copying 0 resource
2021-04-13 12:15:39,981 [Worker-252: Building workspace] INFO  o.e.m.c.i.embedder.EclipseLogger - Using 'UTF-8' encoding to copy filtered resources.
2021-04-13 12:15:39,981 [Worker-252: Building workspace] INFO  o.e.m.c.i.embedder.EclipseLogger - Copying 0 resource
2021-04-13 12:24:01,423 [Worker-255: Building workspace] INFO  o.e.m.c.i.embedder.EclipseLogger - Using 'UTF-8' encoding to copy filtered resources.
2021-04-13 12:24:01,424 [Worker-255: Building workspace] INFO  o.e.m.c.i.embedder.EclipseLogger - Copying 1 resource
2021-04-13 12:24:01,425 [Worker-255: Building workspace] INFO  o.e.m.c.i.embedder.EclipseLogger - Copying 0 resource
2021-04-13 12:24:01,426 [Worker-255: Building workspace] INFO  o.e.m.c.i.embedder.EclipseLogger - Using 'UTF-8' encoding to copy filtered resources.
2021-04-13 12:24:01,427 [Worker-255: Building workspace] INFO  o.e.m.c.i.embedder.EclipseLogger - Copying 0 resource
2021-04-13 12:38:09,695 [Worker-258: Launching CouponDealsApplication] INFO  o.e.m.c.i.embedder.EclipseLogger - Using 'UTF-8' encoding to copy filtered resources.
2021-04-13 12:38:09,696 [Worker-258: Launching CouponDealsApplication] INFO  o.e.m.c.i.embedder.EclipseLogger - Copying 1 resource
2021-04-13 12:38:09,697 [Worker-258: Launching CouponDealsApplication] INFO  o.e.m.c.i.embedder.EclipseLogger - Copying 0 resource
2021-04-13 12:38:09,699 [Worker-258: Launching CouponDealsApplication] INFO  o.e.m.c.i.embedder.EclipseLogger - Using 'UTF-8' encoding to copy filtered resources.
2021-04-13 12:38:09,699 [Worker-258: Launching CouponDealsApplication] INFO  o.e.m.c.i.embedder.EclipseLogger - Copying 0 resource
2021-04-13 12:40:29,486 [Worker-262: Launching CouponDealsApplication] INFO  o.e.m.c.i.embedder.EclipseLogger - Using 'UTF-8' encoding to copy filtered resources.
2021-04-13 12:40:29,487 [Worker-262: Launching CouponDealsApplication] INFO  o.e.m.c.i.embedder.EclipseLogger - Copying 1 resource
2021-04-13 12:40:29,488 [Worker-262: Launching CouponDealsApplication] INFO  o.e.m.c.i.embedder.EclipseLogger - Copying 0 resource
2021-04-13 12:40:29,489 [Worker-262: Launching CouponDealsApplication] INFO  o.e.m.c.i.embedder.EclipseLogger - Using 'UTF-8' encoding to copy filtered resources.
2021-04-13 12:40:29,490 [Worker-262: Launching CouponDealsApplication] INFO  o.e.m.c.i.embedder.EclipseLogger - Copying 0 resource
2021-04-13 12:44:43,042 [Worker-258: Building workspace] INFO  o.e.m.c.i.embedder.EclipseLogger - Using 'UTF-8' encoding to copy filtered resources.
2021-04-13 12:44:43,043 [Worker-258: Building workspace] INFO  o.e.m.c.i.embedder.EclipseLogger - Copying 1 resource
2021-04-13 12:44:43,044 [Worker-258: Building workspace] INFO  o.e.m.c.i.embedder.EclipseLogger - Copying 0 resource
2021-04-13 12:44:43,046 [Worker-258: Building workspace] INFO  o.e.m.c.i.embedder.EclipseLogger - Using 'UTF-8' encoding to copy filtered resources.
2021-04-13 12:44:43,046 [Worker-258: Building workspace] INFO  o.e.m.c.i.embedder.EclipseLogger - Copying 0 resource
2021-04-13 12:49:56,086 [Worker-264: Building workspace] INFO  o.e.m.c.i.embedder.EclipseLogger - Using 'UTF-8' encoding to copy filtered resources.
2021-04-13 12:49:56,086 [Worker-264: Building workspace] INFO  o.e.m.c.i.embedder.EclipseLogger - Copying 1 resource
2021-04-13 12:49:56,087 [Worker-264: Building workspace] INFO  o.e.m.c.i.embedder.EclipseLogger - Copying 0 resource
2021-04-13 12:49:56,089 [Worker-264: Building workspace] INFO  o.e.m.c.i.embedder.EclipseLogger - Using 'UTF-8' encoding to copy filtered resources.
2021-04-13 12:49:56,089 [Worker-264: Building workspace] INFO  o.e.m.c.i.embedder.EclipseLogger - Copying 0 resource
2021-04-13 12:50:48,954 [Worker-263: Building workspace] INFO  o.e.m.c.i.embedder.EclipseLogger - Using 'UTF-8' encoding to copy filtered resources.
2021-04-13 12:50:48,954 [Worker-263: Building workspace] INFO  o.e.m.c.i.embedder.EclipseLogger - Copying 1 resource
2021-04-13 12:50:48,955 [Worker-263: Building workspace] INFO  o.e.m.c.i.embedder.EclipseLogger - Copying 0 resource
2021-04-13 12:50:48,956 [Worker-263: Building workspace] INFO  o.e.m.c.i.embedder.EclipseLogger - Using 'UTF-8' encoding to copy filtered resources.
2021-04-13 12:50:48,957 [Worker-263: Building workspace] INFO  o.e.m.c.i.embedder.EclipseLogger - Copying 0 resource
2021-04-13 12:51:34,720 [Worker-263: Launching CouponDealsApplication] INFO  o.e.m.c.i.embedder.EclipseLogger - Using 'UTF-8' encoding to copy filtered resources.
2021-04-13 12:51:34,721 [Worker-263: Launching CouponDealsApplication] INFO  o.e.m.c.i.embedder.EclipseLogger - Copying 1 resource
2021-04-13 12:51:34,722 [Worker-263: Launching CouponDealsApplication] INFO  o.e.m.c.i.embedder.EclipseLogger - Copying 0 resource
2021-04-13 12:51:34,724 [Worker-263: Launching CouponDealsApplication] INFO  o.e.m.c.i.embedder.EclipseLogger - Using 'UTF-8' encoding to copy filtered resources.
2021-04-13 12:51:34,724 [Worker-263: Launching CouponDealsApplication] INFO  o.e.m.c.i.embedder.EclipseLogger - Copying 0 resource
2021-04-13 13:16:51,527 [Worker-264: Building workspace] INFO  o.e.m.c.i.embedder.EclipseLogger - Using 'UTF-8' encoding to copy filtered resources.
2021-04-13 13:16:51,527 [Worker-264: Building workspace] INFO  o.e.m.c.i.embedder.EclipseLogger - Copying 1 resource
2021-04-13 13:16:51,528 [Worker-264: Building workspace] INFO  o.e.m.c.i.embedder.EclipseLogger - Copying 0 resource
2021-04-13 13:16:51,530 [Worker-264: Building workspace] INFO  o.e.m.c.i.embedder.EclipseLogger - Using 'UTF-8' encoding to copy filtered resources.
2021-04-13 13:16:51,530 [Worker-264: Building workspace] INFO  o.e.m.c.i.embedder.EclipseLogger - Copying 0 resource
2021-04-13 13:27:37,284 [Worker-266: Building workspace] INFO  o.e.m.c.i.embedder.EclipseLogger - Using 'UTF-8' encoding to copy filtered resources.
2021-04-13 13:27:37,284 [Worker-266: Building workspace] INFO  o.e.m.c.i.embedder.EclipseLogger - Copying 1 resource
2021-04-13 13:27:37,287 [Worker-266: Building workspace] INFO  o.e.m.c.i.embedder.EclipseLogger - Copying 0 resource
2021-04-13 13:27:37,289 [Worker-266: Building workspace] INFO  o.e.m.c.i.embedder.EclipseLogger - Using 'UTF-8' encoding to copy filtered resources.
2021-04-13 13:27:37,289 [Worker-266: Building workspace] INFO  o.e.m.c.i.embedder.EclipseLogger - Copying 0 resource
2021-04-13 13:27:43,854 [Worker-271: Building workspace] INFO  o.e.m.c.i.embedder.EclipseLogger - Using 'UTF-8' encoding to copy filtered resources.
2021-04-13 13:27:43,855 [Worker-271: Building workspace] INFO  o.e.m.c.i.embedder.EclipseLogger - Copying 1 resource
2021-04-13 13:27:43,856 [Worker-271: Building workspace] INFO  o.e.m.c.i.embedder.EclipseLogger - Copying 0 resource
2021-04-13 13:27:43,858 [Worker-271: Building workspace] INFO  o.e.m.c.i.embedder.EclipseLogger - Using 'UTF-8' encoding to copy filtered resources.
2021-04-13 13:27:43,858 [Worker-271: Building workspace] INFO  o.e.m.c.i.embedder.EclipseLogger - Copying 0 resource
2021-04-13 13:27:48,681 [Worker-269: Building workspace] INFO  o.e.m.c.i.embedder.EclipseLogger - Using 'UTF-8' encoding to copy filtered resources.
2021-04-13 13:27:48,682 [Worker-269: Building workspace] INFO  o.e.m.c.i.embedder.EclipseLogger - Copying 1 resource
2021-04-13 13:27:48,683 [Worker-269: Building workspace] INFO  o.e.m.c.i.embedder.EclipseLogger - Copying 0 resource
2021-04-13 13:27:48,685 [Worker-269: Building workspace] INFO  o.e.m.c.i.embedder.EclipseLogger - Using 'UTF-8' encoding to copy filtered resources.
2021-04-13 13:27:48,685 [Worker-269: Building workspace] INFO  o.e.m.c.i.embedder.EclipseLogger - Copying 0 resource
2021-04-13 13:28:18,601 [Worker-266: Building workspace] INFO  o.e.m.c.i.embedder.EclipseLogger - Using 'UTF-8' encoding to copy filtered resources.
2021-04-13 13:28:18,602 [Worker-266: Building workspace] INFO  o.e.m.c.i.embedder.EclipseLogger - Copying 1 resource
2021-04-13 13:28:18,603 [Worker-266: Building workspace] INFO  o.e.m.c.i.embedder.EclipseLogger - Copying 0 resource
2021-04-13 13:28:18,605 [Worker-266: Building workspace] INFO  o.e.m.c.i.embedder.EclipseLogger - Using 'UTF-8' encoding to copy filtered resources.
2021-04-13 13:28:18,606 [Worker-266: Building workspace] INFO  o.e.m.c.i.embedder.EclipseLogger - Copying 0 resource
2021-04-13 13:32:15,897 [Worker-266: Building workspace] INFO  o.e.m.c.i.embedder.EclipseLogger - Using 'UTF-8' encoding to copy filtered resources.
2021-04-13 13:32:15,899 [Worker-266: Building workspace] INFO  o.e.m.c.i.embedder.EclipseLogger - Copying 1 resource
2021-04-13 13:32:15,901 [Worker-266: Building workspace] INFO  o.e.m.c.i.embedder.EclipseLogger - Copying 0 resource
2021-04-13 13:32:15,903 [Worker-266: Building workspace] INFO  o.e.m.c.i.embedder.EclipseLogger - Using 'UTF-8' encoding to copy filtered resources.
2021-04-13 13:32:15,903 [Worker-266: Building workspace] INFO  o.e.m.c.i.embedder.EclipseLogger - Copying 0 resource
2021-04-13 13:34:34,763 [Worker-271: Building workspace] INFO  o.e.m.c.i.embedder.EclipseLogger - Using 'UTF-8' encoding to copy filtered resources.
2021-04-13 13:34:34,767 [Worker-271: Building workspace] INFO  o.e.m.c.i.embedder.EclipseLogger - Copying 1 resource
2021-04-13 13:34:34,768 [Worker-271: Building workspace] INFO  o.e.m.c.i.embedder.EclipseLogger - Copying 0 resource
2021-04-13 13:34:34,772 [Worker-271: Building workspace] INFO  o.e.m.c.i.embedder.EclipseLogger - Using 'UTF-8' encoding to copy filtered resources.
2021-04-13 13:34:34,772 [Worker-271: Building workspace] INFO  o.e.m.c.i.embedder.EclipseLogger - Copying 0 resource
2021-04-13 13:39:07,006 [Worker-269: Building workspace] INFO  o.e.m.c.i.embedder.EclipseLogger - Using 'UTF-8' encoding to copy filtered resources.
2021-04-13 13:39:07,006 [Worker-269: Building workspace] INFO  o.e.m.c.i.embedder.EclipseLogger - Copying 1 resource
2021-04-13 13:39:07,008 [Worker-269: Building workspace] INFO  o.e.m.c.i.embedder.EclipseLogger - Copying 0 resource
2021-04-13 13:39:07,009 [Worker-269: Building workspace] INFO  o.e.m.c.i.embedder.EclipseLogger - Using 'UTF-8' encoding to copy filtered resources.
2021-04-13 13:39:07,010 [Worker-269: Building workspace] INFO  o.e.m.c.i.embedder.EclipseLogger - Copying 0 resource
2021-04-13 13:40:33,811 [Worker-273: Launching CouponDealsApplication] INFO  o.e.m.c.i.embedder.EclipseLogger - Using 'UTF-8' encoding to copy filtered resources.
2021-04-13 13:40:33,811 [Worker-273: Launching CouponDealsApplication] INFO  o.e.m.c.i.embedder.EclipseLogger - Copying 1 resource
2021-04-13 13:40:33,813 [Worker-273: Launching CouponDealsApplication] INFO  o.e.m.c.i.embedder.EclipseLogger - Copying 0 resource
2021-04-13 13:40:33,815 [Worker-273: Launching CouponDealsApplication] INFO  o.e.m.c.i.embedder.EclipseLogger - Using 'UTF-8' encoding to copy filtered resources.
2021-04-13 13:40:33,816 [Worker-273: Launching CouponDealsApplication] INFO  o.e.m.c.i.embedder.EclipseLogger - Copying 0 resource
2021-04-13 21:06:54,134 [Worker-329: Launching CouponDealsApplication] INFO  o.e.m.c.i.embedder.EclipseLogger - Using 'UTF-8' encoding to copy filtered resources.
2021-04-13 21:06:54,138 [Worker-329: Launching CouponDealsApplication] INFO  o.e.m.c.i.embedder.EclipseLogger - Copying 1 resource
2021-04-13 21:06:54,147 [Worker-329: Launching CouponDealsApplication] INFO  o.e.m.c.i.embedder.EclipseLogger - Copying 0 resource
2021-04-13 21:06:54,151 [Worker-329: Launching CouponDealsApplication] INFO  o.e.m.c.i.embedder.EclipseLogger - Using 'UTF-8' encoding to copy filtered resources.
2021-04-13 21:06:54,152 [Worker-329: Launching CouponDealsApplication] INFO  o.e.m.c.i.embedder.EclipseLogger - Copying 0 resource
2021-04-13 23:18:08,380 [Worker-359: Building workspace] INFO  o.e.m.c.i.embedder.EclipseLogger - Using 'UTF-8' encoding to copy filtered resources.
2021-04-13 23:18:08,383 [Worker-359: Building workspace] INFO  o.e.m.c.i.embedder.EclipseLogger - Copying 1 resource
2021-04-13 23:18:08,386 [Worker-359: Building workspace] INFO  o.e.m.c.i.embedder.EclipseLogger - Copying 0 resource
2021-04-13 23:18:08,389 [Worker-359: Building workspace] INFO  o.e.m.c.i.embedder.EclipseLogger - Using 'UTF-8' encoding to copy filtered resources.
2021-04-13 23:18:08,389 [Worker-359: Building workspace] INFO  o.e.m.c.i.embedder.EclipseLogger - Copying 0 resource
2021-04-16 11:31:30,311 [Worker-5: Loading available Gradle versions] INFO  o.e.b.c.i.u.g.PublishedGradleVersions - Gradle version information cache is out-of-date. Trying to update.
2021-04-16 11:33:27,974 [Worker-2: Building workspace] INFO  o.e.m.c.i.embedder.EclipseLogger - Using 'UTF-8' encoding to copy filtered resources.
2021-04-16 11:33:27,983 [Worker-2: Building workspace] INFO  o.e.m.c.i.embedder.EclipseLogger - Copying 1 resource
2021-04-16 11:33:28,027 [Worker-2: Building workspace] INFO  o.e.m.c.i.embedder.EclipseLogger - Copying 0 resource
2021-04-16 11:33:28,031 [Worker-2: Building workspace] INFO  o.e.m.c.i.embedder.EclipseLogger - Using 'UTF-8' encoding to copy filtered resources.
2021-04-16 11:33:28,032 [Worker-2: Building workspace] INFO  o.e.m.c.i.embedder.EclipseLogger - Copying 0 resource
2021-04-16 11:33:49,396 [Worker-13: Launching Executing install in C__Users_Aman_eclipse-workspace_coupon-store] INFO  o.e.m.i.launch.MavenLaunchDelegate - C:\Users\Aman\eclipse-workspace\coupon-store
2021-04-16 11:33:49,398 [Worker-13: Launching Executing install in C__Users_Aman_eclipse-workspace_coupon-store] INFO  o.e.m.i.launch.MavenLaunchDelegate -  mvn -B install
2021-04-16 11:33:53,590 [Worker-10: Building workspace] INFO  o.e.m.c.i.embedder.EclipseLogger - Using 'UTF-8' encoding to copy filtered resources.
2021-04-16 11:33:53,596 [Worker-10: Building workspace] INFO  o.e.m.c.i.embedder.EclipseLogger - Copying 1 resource
2021-04-16 11:33:53,600 [Worker-10: Building workspace] INFO  o.e.m.c.i.embedder.EclipseLogger - Copying 0 resource
2021-04-16 11:33:53,605 [Worker-10: Building workspace] INFO  o.e.m.c.i.embedder.EclipseLogger - Using 'UTF-8' encoding to copy filtered resources.
2021-04-16 11:33:53,605 [Worker-10: Building workspace] INFO  o.e.m.c.i.embedder.EclipseLogger - Copying 0 resource
2021-04-16 11:34:15,823 [Worker-9: Updating Maven Project] INFO  o.e.m.c.i.p.ProjectConfigurationManager - Update started
2021-04-16 11:34:18,243 [Worker-9: Updating Maven Project] INFO  o.e.m.c.i.l.LifecycleMappingFactory - Using org.eclipse.m2e.jdt.JarLifecycleMapping lifecycle mapping for MavenProject: com.computerwala:coupon-store:0.0.1-SNAPSHOT @ C:\Users\Aman\eclipse-workspace\coupon-store\pom.xml.
2021-04-16 11:34:18,861 [Worker-9: Updating Maven Project] INFO  o.e.m.j.i.AbstractJavaProjectConfigurator - Adding source folder /coupon-store/src/main/java
2021-04-16 11:34:18,862 [Worker-9: Updating Maven Project] INFO  o.e.m.j.i.AbstractJavaProjectConfigurator - Adding resource folder /coupon-store/src/main/resources
2021-04-16 11:34:18,863 [Worker-9: Updating Maven Project] INFO  o.e.m.j.i.AbstractJavaProjectConfigurator - Adding resource folder /coupon-store/src/main/resources
2021-04-16 11:34:18,863 [Worker-9: Updating Maven Project] INFO  o.e.m.j.i.AbstractJavaProjectConfigurator - Adding source folder /coupon-store/src/test/java
2021-04-16 11:34:18,864 [Worker-9: Updating Maven Project] INFO  o.e.m.j.i.AbstractJavaProjectConfigurator - Adding resource folder /coupon-store/src/test/resources
2021-04-16 11:34:19,235 [Worker-9: Updating Maven Project] INFO  o.e.m.c.i.p.ProjectConfigurationManager - Update completed: 3 sec
2021-04-16 11:34:21,706 [Worker-14: Building workspace] INFO  o.e.m.c.i.embedder.EclipseLogger - Using 'UTF-8' encoding to copy filtered resources.
2021-04-16 11:34:21,707 [Worker-14: Building workspace] INFO  o.e.m.c.i.embedder.EclipseLogger - Copying 1 resource
2021-04-16 11:34:21,724 [Worker-14: Building workspace] INFO  o.e.m.c.i.embedder.EclipseLogger - Copying 0 resource
2021-04-16 11:34:21,727 [Worker-14: Building workspace] INFO  o.e.m.c.i.embedder.EclipseLogger - Using 'UTF-8' encoding to copy filtered resources.
2021-04-16 11:34:21,728 [Worker-14: Building workspace] INFO  o.e.m.c.i.embedder.EclipseLogger - Copying 0 resource
2021-04-16 11:48:17,779 [Worker-3: Launching Executing install in C__Users_Aman_eclipse-workspace_coupon-store] INFO  o.e.m.i.launch.MavenLaunchDelegate - C:\Users\Aman\eclipse-workspace\coupon-store
2021-04-16 11:48:17,779 [Worker-3: Launching Executing install in C__Users_Aman_eclipse-workspace_coupon-store] INFO  o.e.m.i.launch.MavenLaunchDelegate -  mvn -B install
2021-04-16 11:48:22,406 [Worker-3: Building workspace] INFO  o.e.m.c.i.embedder.EclipseLogger - Using 'UTF-8' encoding to copy filtered resources.
2021-04-16 11:48:22,408 [Worker-3: Building workspace] INFO  o.e.m.c.i.embedder.EclipseLogger - Copying 1 resource
2021-04-16 11:48:22,411 [Worker-3: Building workspace] INFO  o.e.m.c.i.embedder.EclipseLogger - Copying 0 resource
2021-04-16 11:48:22,413 [Worker-3: Building workspace] INFO  o.e.m.c.i.embedder.EclipseLogger - Using 'UTF-8' encoding to copy filtered resources.
2021-04-16 11:48:22,414 [Worker-3: Building workspace] INFO  o.e.m.c.i.embedder.EclipseLogger - Copying 0 resource
2021-04-16 11:48:37,954 [Worker-19: Updating Maven Project] INFO  o.e.m.c.i.p.ProjectConfigurationManager - Update started
2021-04-16 11:48:38,588 [Worker-19: Updating Maven Project] INFO  o.e.m.c.i.l.LifecycleMappingFactory - Using org.eclipse.m2e.jdt.JarLifecycleMapping lifecycle mapping for MavenProject: com.computerwala:coupon-store:0.0.1-SNAPSHOT @ C:\Users\Aman\eclipse-workspace\coupon-store\pom.xml.
2021-04-16 11:48:39,046 [Worker-19: Updating Maven Project] INFO  o.e.m.j.i.AbstractJavaProjectConfigurator - Adding source folder /coupon-store/src/main/java
2021-04-16 11:48:39,046 [Worker-19: Updating Maven Project] INFO  o.e.m.j.i.AbstractJavaProjectConfigurator - Adding resource folder /coupon-store/src/main/resources
2021-04-16 11:48:39,047 [Worker-19: Updating Maven Project] INFO  o.e.m.j.i.AbstractJavaProjectConfigurator - Adding resource folder /coupon-store/src/main/resources
2021-04-16 11:48:39,047 [Worker-19: Updating Maven Project] INFO  o.e.m.j.i.AbstractJavaProjectConfigurator - Adding source folder /coupon-store/src/test/java
2021-04-16 11:48:39,048 [Worker-19: Updating Maven Project] INFO  o.e.m.j.i.AbstractJavaProjectConfigurator - Adding resource folder /coupon-store/src/test/resources
2021-04-16 11:48:39,205 [Worker-19: Updating Maven Project] INFO  o.e.m.c.i.p.ProjectConfigurationManager - Update completed: 1 sec
2021-04-16 11:48:40,648 [Worker-8: Building workspace] INFO  o.e.m.c.i.embedder.EclipseLogger - Using 'UTF-8' encoding to copy filtered resources.
2021-04-16 11:48:40,649 [Worker-8: Building workspace] INFO  o.e.m.c.i.embedder.EclipseLogger - Copying 1 resource
2021-04-16 11:48:40,666 [Worker-8: Building workspace] INFO  o.e.m.c.i.embedder.EclipseLogger - Copying 0 resource
2021-04-16 11:48:40,669 [Worker-8: Building workspace] INFO  o.e.m.c.i.embedder.EclipseLogger - Using 'UTF-8' encoding to copy filtered resources.
2021-04-16 11:48:40,671 [Worker-8: Building workspace] INFO  o.e.m.c.i.embedder.EclipseLogger - Copying 0 resource
2021-04-16 11:59:02,551 [Worker-21: Launching CouponDealsApplication] INFO  o.e.m.c.i.embedder.EclipseLogger - Using 'UTF-8' encoding to copy filtered resources.
2021-04-16 11:59:02,554 [Worker-21: Launching CouponDealsApplication] INFO  o.e.m.c.i.embedder.EclipseLogger - Copying 1 resource
2021-04-16 11:59:02,556 [Worker-21: Launching CouponDealsApplication] INFO  o.e.m.c.i.embedder.EclipseLogger - Copying 0 resource
2021-04-16 11:59:02,565 [Worker-21: Launching CouponDealsApplication] INFO  o.e.m.c.i.embedder.EclipseLogger - Using 'UTF-8' encoding to copy filtered resources.
2021-04-16 11:59:02,565 [Worker-21: Launching CouponDealsApplication] INFO  o.e.m.c.i.embedder.EclipseLogger - Copying 0 resource
2021-04-16 12:22:39,922 [Worker-34: Building workspace] INFO  o.e.m.c.i.embedder.EclipseLogger - Using 'UTF-8' encoding to copy filtered resources.
2021-04-16 12:22:39,926 [Worker-34: Building workspace] INFO  o.e.m.c.i.embedder.EclipseLogger - Copying 1 resource
2021-04-16 12:22:39,928 [Worker-34: Building workspace] INFO  o.e.m.c.i.embedder.EclipseLogger - Copying 0 resource
2021-04-16 12:22:39,931 [Worker-34: Building workspace] INFO  o.e.m.c.i.embedder.EclipseLogger - Using 'UTF-8' encoding to copy filtered resources.
2021-04-16 12:22:39,932 [Worker-34: Building workspace] INFO  o.e.m.c.i.embedder.EclipseLogger - Copying 0 resource
2021-04-16 12:25:25,796 [Worker-1: Loading available Gradle versions] INFO  o.e.b.c.i.u.g.PublishedGradleVersions - Gradle version information cache is up-to-date. Trying to read.
2021-04-16 12:26:00,659 [Worker-9: Launching Executing install in C__Users_Aman_eclipse-workspace_coupon-store] INFO  o.e.m.i.launch.MavenLaunchDelegate - C:\Users\Aman\eclipse-workspace\coupon-store
2021-04-16 12:26:00,665 [Worker-9: Launching Executing install in C__Users_Aman_eclipse-workspace_coupon-store] INFO  o.e.m.i.launch.MavenLaunchDelegate -  mvn -B install
2021-04-16 12:26:06,398 [Worker-4: Building workspace] INFO  o.e.m.c.i.embedder.EclipseLogger - Using 'UTF-8' encoding to copy filtered resources.
2021-04-16 12:26:06,404 [Worker-4: Building workspace] INFO  o.e.m.c.i.embedder.EclipseLogger - Copying 1 resource
2021-04-16 12:26:06,435 [Worker-4: Building workspace] INFO  o.e.m.c.i.embedder.EclipseLogger - Copying 0 resource
2021-04-16 12:26:06,439 [Worker-4: Building workspace] INFO  o.e.m.c.i.embedder.EclipseLogger - Using 'UTF-8' encoding to copy filtered resources.
2021-04-16 12:26:06,440 [Worker-4: Building workspace] INFO  o.e.m.c.i.embedder.EclipseLogger - Copying 0 resource
2021-04-16 12:26:18,025 [Worker-1: Updating Maven Project] INFO  o.e.m.c.i.p.ProjectConfigurationManager - Update started
2021-04-16 12:26:18,981 [Worker-1: Updating Maven Project] INFO  o.e.m.c.i.l.LifecycleMappingFactory - Using org.eclipse.m2e.jdt.JarLifecycleMapping lifecycle mapping for MavenProject: com.computerwala:coupon-store:0.0.1-SNAPSHOT @ C:\Users\Aman\eclipse-workspace\coupon-store\pom.xml.
2021-04-16 12:26:19,612 [Worker-1: Updating Maven Project] INFO  o.e.m.j.i.AbstractJavaProjectConfigurator - Adding source folder /coupon-store/src/main/java
2021-04-16 12:26:19,613 [Worker-1: Updating Maven Project] INFO  o.e.m.j.i.AbstractJavaProjectConfigurator - Adding resource folder /coupon-store/src/main/resources
2021-04-16 12:26:19,614 [Worker-1: Updating Maven Project] INFO  o.e.m.j.i.AbstractJavaProjectConfigurator - Adding resource folder /coupon-store/src/main/resources
2021-04-16 12:26:19,615 [Worker-1: Updating Maven Project] INFO  o.e.m.j.i.AbstractJavaProjectConfigurator - Adding source folder /coupon-store/src/test/java
2021-04-16 12:26:19,616 [Worker-1: Updating Maven Project] INFO  o.e.m.j.i.AbstractJavaProjectConfigurator - Adding resource folder /coupon-store/src/test/resources
2021-04-16 12:26:19,895 [Worker-1: Updating Maven Project] INFO  o.e.m.c.i.p.ProjectConfigurationManager - Update completed: 1 sec
2021-04-16 12:26:22,838 [Worker-9: Building workspace] INFO  o.e.m.c.i.embedder.EclipseLogger - Using 'UTF-8' encoding to copy filtered resources.
2021-04-16 12:26:22,839 [Worker-9: Building workspace] INFO  o.e.m.c.i.embedder.EclipseLogger - Copying 1 resource
2021-04-16 12:26:22,862 [Worker-9: Building workspace] INFO  o.e.m.c.i.embedder.EclipseLogger - Copying 0 resource
2021-04-16 12:26:22,868 [Worker-9: Building workspace] INFO  o.e.m.c.i.embedder.EclipseLogger - Using 'UTF-8' encoding to copy filtered resources.
2021-04-16 12:26:22,868 [Worker-9: Building workspace] INFO  o.e.m.c.i.embedder.EclipseLogger - Copying 0 resource
2021-04-16 13:42:36,837 [Worker-25: Building workspace] INFO  o.e.m.c.i.embedder.EclipseLogger - Using 'UTF-8' encoding to copy filtered resources.
2021-04-16 13:42:36,844 [Worker-25: Building workspace] INFO  o.e.m.c.i.embedder.EclipseLogger - Copying 1 resource
2021-04-16 13:42:36,847 [Worker-25: Building workspace] INFO  o.e.m.c.i.embedder.EclipseLogger - Copying 0 resource
2021-04-16 13:42:36,850 [Worker-25: Building workspace] INFO  o.e.m.c.i.embedder.EclipseLogger - Using 'UTF-8' encoding to copy filtered resources.
2021-04-16 13:42:36,850 [Worker-25: Building workspace] INFO  o.e.m.c.i.embedder.EclipseLogger - Copying 0 resource
2021-04-16 20:52:15,601 [Worker-66: Building workspace] INFO  o.e.m.c.i.embedder.EclipseLogger - Using 'UTF-8' encoding to copy filtered resources.
2021-04-16 20:52:15,607 [Worker-66: Building workspace] INFO  o.e.m.c.i.embedder.EclipseLogger - Copying 1 resource
2021-04-16 20:52:15,611 [Worker-66: Building workspace] INFO  o.e.m.c.i.embedder.EclipseLogger - Copying 0 resource
2021-04-16 20:52:15,615 [Worker-66: Building workspace] INFO  o.e.m.c.i.embedder.EclipseLogger - Using 'UTF-8' encoding to copy filtered resources.
2021-04-16 20:52:15,615 [Worker-66: Building workspace] INFO  o.e.m.c.i.embedder.EclipseLogger - Copying 0 resource
2021-04-16 21:42:08,756 [Worker-84: Building workspace] INFO  o.e.m.c.i.embedder.EclipseLogger - Using 'UTF-8' encoding to copy filtered resources.
2021-04-16 21:42:08,759 [Worker-84: Building workspace] INFO  o.e.m.c.i.embedder.EclipseLogger - Copying 1 resource
2021-04-16 21:42:08,760 [Worker-84: Building workspace] INFO  o.e.m.c.i.embedder.EclipseLogger - Copying 0 resource
2021-04-16 21:42:08,762 [Worker-84: Building workspace] INFO  o.e.m.c.i.embedder.EclipseLogger - Using 'UTF-8' encoding to copy filtered resources.
2021-04-16 21:42:08,763 [Worker-84: Building workspace] INFO  o.e.m.c.i.embedder.EclipseLogger - Copying 0 resource
2021-04-16 23:31:06,428 [Worker-116: Launching CouponDealsApplication] INFO  o.e.m.c.i.embedder.EclipseLogger - Using 'UTF-8' encoding to copy filtered resources.
2021-04-16 23:31:06,433 [Worker-116: Launching CouponDealsApplication] INFO  o.e.m.c.i.embedder.EclipseLogger - Copying 1 resource
2021-04-16 23:31:06,437 [Worker-116: Launching CouponDealsApplication] INFO  o.e.m.c.i.embedder.EclipseLogger - Copying 0 resource
2021-04-16 23:31:06,453 [Worker-116: Launching CouponDealsApplication] INFO  o.e.m.c.i.embedder.EclipseLogger - Using 'UTF-8' encoding to copy filtered resources.
2021-04-16 23:31:06,453 [Worker-116: Launching CouponDealsApplication] INFO  o.e.m.c.i.embedder.EclipseLogger - Copying 0 resource
2021-04-16 23:31:27,291 [Worker-114: Building workspace] INFO  o.e.m.c.i.embedder.EclipseLogger - Using 'UTF-8' encoding to copy filtered resources.
2021-04-16 23:31:27,292 [Worker-114: Building workspace] INFO  o.e.m.c.i.embedder.EclipseLogger - Copying 1 resource
2021-04-16 23:31:27,294 [Worker-114: Building workspace] INFO  o.e.m.c.i.embedder.EclipseLogger - Copying 0 resource
2021-04-16 23:31:27,296 [Worker-114: Building workspace] INFO  o.e.m.c.i.embedder.EclipseLogger - Using 'UTF-8' encoding to copy filtered resources.
2021-04-16 23:31:27,297 [Worker-114: Building workspace] INFO  o.e.m.c.i.embedder.EclipseLogger - Copying 0 resource
2021-04-16 23:38:43,779 [Worker-123: Building workspace] INFO  o.e.m.c.i.embedder.EclipseLogger - Using 'UTF-8' encoding to copy filtered resources.
2021-04-16 23:38:43,783 [Worker-123: Building workspace] INFO  o.e.m.c.i.embedder.EclipseLogger - Copying 1 resource
2021-04-16 23:38:43,784 [Worker-123: Building workspace] INFO  o.e.m.c.i.embedder.EclipseLogger - Copying 0 resource
2021-04-16 23:38:43,787 [Worker-123: Building workspace] INFO  o.e.m.c.i.embedder.EclipseLogger - Using 'UTF-8' encoding to copy filtered resources.
2021-04-16 23:38:43,787 [Worker-123: Building workspace] INFO  o.e.m.c.i.embedder.EclipseLogger - Copying 0 resource
